<?xml version="1.0" encoding="UTF-8"?>
<!-- Generated by org.testng.reporters.JUnitReportReporter -->
<testsuite skipped="0" hostname="VR" name="vote.Vote" tests="1" failures="0" timestamp="16 Aug 2020 06:44:16 GMT" time="25.436" errors="0">
  <testcase name="CastVote" time="25.436" classname="vote.Vote"/>
</testsuite> <!-- vote.Vote -->
