<?xml version="1.0" encoding="UTF-8"?>
<!-- Generated by org.testng.reporters.JUnitReportReporter -->
<testsuite skipped="0" hostname="VR" name="vote.Vote" tests="3" failures="0" timestamp="16 Aug 2020 10:12:03 GMT" time="26.446" errors="0">
  <testcase name="writeNameToNotePad" time="0.003" classname="vote.Vote"/>
  <testcase name="fetchNames" time="0.056" classname="vote.Vote"/>
  <testcase name="CastVote" time="26.387" classname="vote.Vote"/>
</testsuite> <!-- vote.Vote -->
