<?xml version="1.0" encoding="UTF-8"?>
<!-- Generated by org.testng.reporters.JUnitReportReporter -->
<testsuite skipped="0" hostname="VR" name="vote.Vote" tests="3" failures="0" timestamp="16 Aug 2020 10:06:32 GMT" time="30.498" errors="0">
  <testcase name="writeNameToNotePad" time="0.004" classname="vote.Vote"/>
  <testcase name="fetchNames" time="0.052" classname="vote.Vote"/>
  <testcase name="CastVote" time="30.442" classname="vote.Vote"/>
</testsuite> <!-- vote.Vote -->
